<?xml version="1.0" encoding="UTF-8"?>
<!-- Generated by org.testng.reporters.JUnitXMLReporter -->
<testsuite ignored="6" hostname="DESKTOP-HC6DSE1" failures="0" tests="2" name="Test" time="29.902" errors="0" timestamp="2024-07-29T12:48:17 IST">
  <testcase classname="com.comcast.crm.org.OrgModuleTest" name="createOrgTest" time="8.564"/>
  <testcase classname="com.comcast.crm.contact.ContactModuleTest" name="createContactTest" time="7.543"/>
  <testcase classname="com.comcast.crm.basetest.BaseClass" name="@BeforeSuite configBS" time="0.0">
    <ignored/>
  </testcase> <!-- @BeforeSuite configBS -->
  <testcase classname="com.comcast.crm.basetest.BaseClass" name="@AfterSuite configAS" time="0.0">
    <ignored/>
  </testcase> <!-- @AfterSuite configAS -->
  <testcase classname="com.comcast.crm.contact.ContactModuleTest" name="createContactWithSupportDateTest" time="0.0">
    <ignored/>
  </testcase> <!-- createContactWithSupportDateTest -->
  <testcase classname="com.comcast.crm.contact.ContactModuleTest" name="createContactWithOrgTest" time="0.0">
    <ignored/>
  </testcase> <!-- createContactWithOrgTest -->
  <testcase classname="com.comcast.crm.org.OrgModuleTest" name="createOrgWithPhone" time="0.0">
    <ignored/>
  </testcase> <!-- createOrgWithPhone -->
  <testcase classname="com.comcast.crm.org.OrgModuleTest" name="createorgWithIndTest" time="0.0">
    <ignored/>
  </testcase> <!-- createorgWithIndTest -->
</testsuite> <!-- Test -->
