<?xml version="1.0" encoding="UTF-8"?>
<testng-results ignored="0" total="2" passed="2" failed="0" skipped="0">
  <reporter-output>
  </reporter-output>
  <suite started-at="2024-07-30T15:33:34 IST" name="Suite" finished-at="2024-07-30T15:33:34 IST" duration-ms="93">
    <groups>
    </groups>
    <test started-at="2024-07-30T15:33:34 IST" name="Test" finished-at="2024-07-30T15:33:34 IST" duration-ms="93">
      <class name="P1.B1">
        <test-method signature="freeTest()[pri:0, instance:P1.B1@77847718]" started-at="2024-07-30T15:33:34 IST" name="freeTest" finished-at="2024-07-30T15:33:34 IST" duration-ms="2" status="PASS">
          <reporter-output>
          </reporter-output>
        </test-method> <!-- freeTest -->
      </class> <!-- P1.B1 -->
      <class name="com.comcast.crm.contact.contacttest">
        <test-method signature="contactTest()[pri:0, instance:com.comcast.crm.contact.contacttest@49ec71f8]" started-at="2024-07-30T15:33:34 IST" name="contactTest" finished-at="2024-07-30T15:33:34 IST" duration-ms="14" status="PASS">
          <reporter-output>
          </reporter-output>
        </test-method> <!-- contactTest -->
      </class> <!-- com.comcast.crm.contact.contacttest -->
    </test> <!-- Test -->
  </suite> <!-- Suite -->
</testng-results>
