<?xml version="1.0" encoding="UTF-8"?>
<testng-results ignored="6" total="8" passed="2" failed="0" skipped="0">
  <reporter-output>
    <line>
      <![CDATA[Browser is launched]]>
    </line>
    <line>
      <![CDATA[Browser is launched]]>
    </line>
  </reporter-output>
  <suite started-at="2024-07-29T12:47:48 IST" name="Suite" finished-at="2024-07-29T12:48:17 IST" duration-ms="29902">
    <groups>
      <group name="SmokeTest">
        <method signature="ContactModuleTest.createContactTest()[pri:0, instance:com.comcast.crm.contact.ContactModuleTest@6069db50]" name="createContactTest" class="com.comcast.crm.contact.ContactModuleTest"/>
        <method signature="OrgModuleTest.createOrgTest()[pri:0, instance:com.comcast.crm.org.OrgModuleTest@7f0eb4b4]" name="createOrgTest" class="com.comcast.crm.org.OrgModuleTest"/>
      </group> <!-- SmokeTest -->
    </groups>
    <test started-at="2024-07-29T12:47:48 IST" name="Test" finished-at="2024-07-29T12:48:17 IST" duration-ms="29902">
      <class name="com.comcast.crm.org.OrgModuleTest">
        <test-method is-config="true" signature="configBS()[pri:0, instance:com.comcast.crm.org.OrgModuleTest@7f0eb4b4]" started-at="2024-07-29T12:47:47 IST" name="configBS" finished-at="2024-07-29T12:47:48 IST" duration-ms="292" status="PASS">
          <reporter-output>
          </reporter-output>
        </test-method> <!-- configBS -->
        <test-method is-config="true" signature="configBC()[pri:0, instance:com.comcast.crm.org.OrgModuleTest@7f0eb4b4]" started-at="2024-07-29T12:47:48 IST" name="configBC" finished-at="2024-07-29T12:47:51 IST" duration-ms="3032" status="PASS">
          <reporter-output>
            <line>
              <![CDATA[Browser is launched]]>
            </line>
          </reporter-output>
        </test-method> <!-- configBC -->
        <test-method is-config="true" signature="configBM()[pri:0, instance:com.comcast.crm.org.OrgModuleTest@7f0eb4b4]" started-at="2024-07-29T12:47:51 IST" name="configBM" finished-at="2024-07-29T12:47:54 IST" duration-ms="3466" status="PASS">
          <reporter-output>
          </reporter-output>
        </test-method> <!-- configBM -->
        <test-method signature="createOrgTest()[pri:0, instance:com.comcast.crm.org.OrgModuleTest@7f0eb4b4]" started-at="2024-07-29T12:47:54 IST" name="createOrgTest" finished-at="2024-07-29T12:48:03 IST" duration-ms="8564" status="PASS">
          <reporter-output>
          </reporter-output>
        </test-method> <!-- createOrgTest -->
        <test-method is-config="true" signature="configAM()[pri:0, instance:com.comcast.crm.org.OrgModuleTest@7f0eb4b4]" started-at="2024-07-29T12:48:03 IST" name="configAM" finished-at="2024-07-29T12:48:04 IST" duration-ms="1124" status="PASS">
          <reporter-output>
          </reporter-output>
        </test-method> <!-- configAM -->
        <test-method is-config="true" signature="configAC()[pri:0, instance:com.comcast.crm.org.OrgModuleTest@7f0eb4b4]" started-at="2024-07-29T12:48:04 IST" name="configAC" finished-at="2024-07-29T12:48:04 IST" duration-ms="253" status="PASS">
          <reporter-output>
          </reporter-output>
        </test-method> <!-- configAC -->
        <test-method is-config="true" signature="configAS()[pri:0, instance:com.comcast.crm.org.OrgModuleTest@7f0eb4b4]" started-at="2024-07-29T12:48:17 IST" name="configAS" finished-at="2024-07-29T12:48:17 IST" duration-ms="1" status="PASS">
          <reporter-output>
          </reporter-output>
        </test-method> <!-- configAS -->
      </class> <!-- com.comcast.crm.org.OrgModuleTest -->
      <class name="com.comcast.crm.contact.ContactModuleTest">
        <test-method is-config="true" signature="configBC()[pri:0, instance:com.comcast.crm.contact.ContactModuleTest@6069db50]" started-at="2024-07-29T12:48:04 IST" name="configBC" finished-at="2024-07-29T12:48:06 IST" duration-ms="1596" status="PASS">
          <reporter-output>
            <line>
              <![CDATA[Browser is launched]]>
            </line>
          </reporter-output>
        </test-method> <!-- configBC -->
        <test-method is-config="true" signature="configBM()[pri:0, instance:com.comcast.crm.contact.ContactModuleTest@6069db50]" started-at="2024-07-29T12:48:06 IST" name="configBM" finished-at="2024-07-29T12:48:08 IST" duration-ms="2816" status="PASS">
          <reporter-output>
          </reporter-output>
        </test-method> <!-- configBM -->
        <test-method signature="createContactTest()[pri:0, instance:com.comcast.crm.contact.ContactModuleTest@6069db50]" started-at="2024-07-29T12:48:08 IST" name="createContactTest" finished-at="2024-07-29T12:48:16 IST" duration-ms="7543" status="PASS">
          <reporter-output>
          </reporter-output>
        </test-method> <!-- createContactTest -->
        <test-method is-config="true" signature="configAM()[pri:0, instance:com.comcast.crm.contact.ContactModuleTest@6069db50]" started-at="2024-07-29T12:48:16 IST" name="configAM" finished-at="2024-07-29T12:48:17 IST" duration-ms="1083" status="PASS">
          <reporter-output>
          </reporter-output>
        </test-method> <!-- configAM -->
        <test-method is-config="true" signature="configAC()[pri:0, instance:com.comcast.crm.contact.ContactModuleTest@6069db50]" started-at="2024-07-29T12:48:17 IST" name="configAC" finished-at="2024-07-29T12:48:17 IST" duration-ms="377" status="PASS">
          <reporter-output>
          </reporter-output>
        </test-method> <!-- configAC -->
      </class> <!-- com.comcast.crm.contact.ContactModuleTest -->
    </test> <!-- Test -->
  </suite> <!-- Suite -->
</testng-results>
