<?xml version="1.0" encoding="UTF-8"?>
<!-- Generated by org.testng.reporters.JUnitXMLReporter -->
<testsuite ignored="0" hostname="DESKTOP-HC6DSE1" failures="0" tests="3" name="Default test" time="52.127" errors="0" timestamp="2024-07-29T12:46:16 IST">
  <testcase classname="com.comcast.crm.contact.ContactModuleTest" name="createContactTest" time="8.228"/>
  <testcase classname="com.comcast.crm.contact.ContactModuleTest" name="createContactWithOrgTest" time="17.792"/>
  <testcase classname="com.comcast.crm.contact.ContactModuleTest" name="createContactWithSupportDateTest" time="9.234"/>
</testsuite> <!-- Default test -->
